# JRE version: OpenJDK Runtime Environment (11.0.25+9) (build 11.0.25+9-post-Ubuntu-1ubuntu122.04)
# Java VM: OpenJDK 64-Bit Server VM (11.0.25+9-post-Ubuntu-1ubuntu122.04, mixed mode, sharing, tiered, compressed oops, g1 gc, linux-amd64)
Heap:
 garbage-first heap   total 190464K, used 63568K [0x0000000083e00000, 0x0000000100000000)
  region size 1024K, 50 young (51200K), 3 survivors (3072K)
 Metaspace       used 19369K, capacity 19685K, committed 19840K, reserved 1067008K
  class space    used 2024K, capacity 2146K, committed 2176K, reserved 1048576K
GC Heap History (10 events):
Event: 0.481 GC heap before
{Heap before GC invocations=0 (full 0):
 garbage-first heap   total 131072K, used 14032K [0x0000000083e00000, 0x0000000100000000)
  region size 1024K, 14 young (14336K), 0 survivors (0K)
 Metaspace       used 1240K, capacity 4803K, committed 5120K, reserved 1056768K
  class space    used 102K, capacity 432K, committed 512K, reserved 1048576K
}
Event: 0.509 GC heap after
{Heap after GC invocations=1 (full 0):
 garbage-first heap   total 131072K, used 9332K [0x0000000083e00000, 0x0000000100000000)
  region size 1024K, 2 young (2048K), 2 survivors (2048K)
 Metaspace       used 1240K, capacity 4803K, committed 5120K, reserved 1056768K
  class space    used 102K, capacity 432K, committed 512K, reserved 1048576K
}
Event: 0.712 GC heap before
{Heap before GC invocations=1 (full 0):
 garbage-first heap   total 131072K, used 16500K [0x0000000083e00000, 0x0000000100000000)
  region size 1024K, 9 young (9216K), 2 survivors (2048K)
 Metaspace       used 1693K, capacity 5091K, committed 5376K, reserved 1056768K
  class space    used 150K, capacity 464K, committed 512K, reserved 1048576K
}
Event: 0.727 GC heap after
{Heap after GC invocations=2 (full 0):
 garbage-first heap   total 131072K, used 13274K [0x0000000083e00000, 0x0000000100000000)
  region size 1024K, 2 young (2048K), 2 survivors (2048K)
 Metaspace       used 1693K, capacity 5091K, committed 5376K, reserved 1056768K
  class space    used 150K, capacity 464K, committed 512K, reserved 1048576K
}
Event: 1.666 GC heap before
{Heap before GC invocations=2 (full 0):
 garbage-first heap   total 131072K, used 28634K [0x0000000083e00000, 0x0000000100000000)
  region size 1024K, 18 young (18432K), 2 survivors (2048K)
 Metaspace       used 5257K, capacity 7302K, committed 7424K, reserved 1056768K
  class space    used 547K, capacity 759K, committed 768K, reserved 1048576K
}
Event: 1.672 GC heap after
{Heap after GC invocations=3 (full 0):
 garbage-first heap   total 131072K, used 14638K [0x0000000083e00000, 0x0000000100000000)
  region size 1024K, 2 young (2048K), 2 survivors (2048K)
 Metaspace       used 5257K, capacity 7302K, committed 7424K, reserved 1056768K
  class space    used 547K, capacity 759K, committed 768K, reserved 1048576K
}
Event: 2.944 GC heap before
{Heap before GC invocations=3 (full 0):
 garbage-first heap   total 131072K, used 41262K [0x0000000083e00000, 0x0000000100000000)
  region size 1024K, 28 young (28672K), 2 survivors (2048K)
 Metaspace       used 9395K, capacity 10274K, committed 10624K, reserved 1058816K
  class space    used 982K, capacity 1096K, committed 1152K, reserved 1048576K
}
Event: 2.953 GC heap after
{Heap after GC invocations=4 (full 0):
 garbage-first heap   total 131072K, used 16015K [0x0000000083e00000, 0x0000000100000000)
  region size 1024K, 3 young (3072K), 3 survivors (3072K)
 Metaspace       used 9395K, capacity 10274K, committed 10624K, reserved 1058816K
  class space    used 982K, capacity 1096K, committed 1152K, reserved 1048576K
}
Event: 3.877 GC heap before
{Heap before GC invocations=4 (full 0):
 garbage-first heap   total 131072K, used 76431K [0x0000000083e00000, 0x0000000100000000)
  region size 1024K, 62 young (63488K), 3 survivors (3072K)
 Metaspace       used 13863K, capacity 14754K, committed 14976K, reserved 1062912K
  class space    used 1495K, capacity 1608K, committed 1664K, reserved 1048576K
}
Event: 3.883 GC heap after
{Heap after GC invocations=5 (full 0):
 garbage-first heap   total 190464K, used 16464K [0x0000000083e00000, 0x0000000100000000)
  region size 1024K, 3 young (3072K), 3 survivors (3072K)
 Metaspace       used 13863K, capacity 14754K, committed 14976K, reserved 1062912K
  class space    used 1495K, capacity 1608K, committed 1664K, reserved 1048576K
}

