# JRE version: OpenJDK Runtime Environment (11.0.25+9) (build 11.0.25+9-post-Ubuntu-1ubuntu122.04)
# Java VM: OpenJDK 64-Bit Server VM (11.0.25+9-post-Ubuntu-1ubuntu122.04, mixed mode, sharing, tiered, compressed oops, g1 gc, linux-amd64)
Heap:
 garbage-first heap   total 131072K, used 63391K [0x0000000083e00000, 0x0000000100000000)
  region size 1024K, 50 young (51200K), 3 survivors (3072K)
 Metaspace       used 19385K, capacity 19697K, committed 19840K, reserved 1067008K
  class space    used 2026K, capacity 2146K, committed 2176K, reserved 1048576K
GC Heap History (10 events):
Event: 0.582 GC heap before
{Heap before GC invocations=0 (full 0):
 garbage-first heap   total 131072K, used 14032K [0x0000000083e00000, 0x0000000100000000)
  region size 1024K, 14 young (14336K), 0 survivors (0K)
 Metaspace       used 1270K, capacity 4803K, committed 5120K, reserved 1056768K
  class space    used 102K, capacity 432K, committed 512K, reserved 1048576K
}
Event: 0.617 GC heap after
{Heap after GC invocations=1 (full 0):
 garbage-first heap   total 131072K, used 9266K [0x0000000083e00000, 0x0000000100000000)
  region size 1024K, 2 young (2048K), 2 survivors (2048K)
 Metaspace       used 1270K, capacity 4803K, committed 5120K, reserved 1056768K
  class space    used 102K, capacity 432K, committed 512K, reserved 1048576K
}
Event: 0.759 GC heap before
{Heap before GC invocations=1 (full 0):
 garbage-first heap   total 131072K, used 15410K [0x0000000083e00000, 0x0000000100000000)
  region size 1024K, 8 young (8192K), 2 survivors (2048K)
 Metaspace       used 1499K, capacity 4963K, committed 5120K, reserved 1056768K
  class space    used 128K, capacity 464K, committed 512K, reserved 1048576K
}
Event: 0.770 GC heap after
{Heap after GC invocations=2 (full 0):
 garbage-first heap   total 131072K, used 13284K [0x0000000083e00000, 0x0000000100000000)
  region size 1024K, 1 young (1024K), 1 survivors (1024K)
 Metaspace       used 1499K, capacity 4963K, committed 5120K, reserved 1056768K
  class space    used 128K, capacity 464K, committed 512K, reserved 1048576K
}
Event: 1.890 GC heap before
{Heap before GC invocations=2 (full 0):
 garbage-first heap   total 131072K, used 28644K [0x0000000083e00000, 0x0000000100000000)
  region size 1024K, 17 young (17408K), 1 survivors (1024K)
 Metaspace       used 4811K, capacity 7134K, committed 7424K, reserved 1056768K
  class space    used 485K, capacity 701K, committed 768K, reserved 1048576K
}
Event: 1.894 GC heap after
{Heap after GC invocations=3 (full 0):
 garbage-first heap   total 131072K, used 14472K [0x0000000083e00000, 0x0000000100000000)
  region size 1024K, 3 young (3072K), 3 survivors (3072K)
 Metaspace       used 4811K, capacity 7134K, committed 7424K, reserved 1056768K
  class space    used 485K, capacity 701K, committed 768K, reserved 1048576K
}
Event: 3.193 GC heap before
{Heap before GC invocations=3 (full 0):
 garbage-first heap   total 131072K, used 41096K [0x0000000083e00000, 0x0000000100000000)
  region size 1024K, 29 young (29696K), 3 survivors (3072K)
 Metaspace       used 9346K, capacity 10210K, committed 10368K, reserved 1058816K
  class space    used 976K, capacity 1096K, committed 1152K, reserved 1048576K
}
Event: 3.198 GC heap after
{Heap after GC invocations=4 (full 0):
 garbage-first heap   total 131072K, used 15866K [0x0000000083e00000, 0x0000000100000000)
  region size 1024K, 3 young (3072K), 3 survivors (3072K)
 Metaspace       used 9346K, capacity 10210K, committed 10368K, reserved 1058816K
  class space    used 976K, capacity 1096K, committed 1152K, reserved 1048576K
}
Event: 3.978 GC heap before
{Heap before GC invocations=4 (full 0):
 garbage-first heap   total 131072K, used 76282K [0x0000000083e00000, 0x0000000100000000)
  region size 1024K, 62 young (63488K), 3 survivors (3072K)
 Metaspace       used 13837K, capacity 14690K, committed 14976K, reserved 1062912K
  class space    used 1483K, capacity 1608K, committed 1664K, reserved 1048576K
}
Event: 3.983 GC heap after
{Heap after GC invocations=5 (full 0):
 garbage-first heap   total 131072K, used 16287K [0x0000000083e00000, 0x0000000100000000)
  region size 1024K, 3 young (3072K), 3 survivors (3072K)
 Metaspace       used 13837K, capacity 14690K, committed 14976K, reserved 1062912K
  class space    used 1483K, capacity 1608K, committed 1664K, reserved 1048576K
}

