# JRE version: OpenJDK Runtime Environment (11.0.25+9) (build 11.0.25+9-post-Ubuntu-1ubuntu122.04)
# Java VM: OpenJDK 64-Bit Server VM (11.0.25+9-post-Ubuntu-1ubuntu122.04, mixed mode, sharing, tiered, compressed oops, g1 gc, linux-amd64)
Heap:
 garbage-first heap   total 131072K, used 70240K [0x0000000083e00000, 0x0000000100000000)
  region size 1024K, 57 young (58368K), 3 survivors (3072K)
 Metaspace       used 19329K, capacity 19633K, committed 20096K, reserved 1067008K
  class space    used 2026K, capacity 2146K, committed 2176K, reserved 1048576K
GC Heap History (10 events):
Event: 0.489 GC heap before
{Heap before GC invocations=0 (full 0):
 garbage-first heap   total 131072K, used 14032K [0x0000000083e00000, 0x0000000100000000)
  region size 1024K, 14 young (14336K), 0 survivors (0K)
 Metaspace       used 1274K, capacity 4803K, committed 5120K, reserved 1056768K
  class space    used 102K, capacity 432K, committed 512K, reserved 1048576K
}
Event: 0.501 GC heap after
{Heap after GC invocations=1 (full 0):
 garbage-first heap   total 131072K, used 9315K [0x0000000083e00000, 0x0000000100000000)
  region size 1024K, 2 young (2048K), 2 survivors (2048K)
 Metaspace       used 1274K, capacity 4803K, committed 5120K, reserved 1056768K
  class space    used 102K, capacity 432K, committed 512K, reserved 1048576K
}
Event: 0.731 GC heap before
{Heap before GC invocations=1 (full 0):
 garbage-first heap   total 131072K, used 16483K [0x0000000083e00000, 0x0000000100000000)
  region size 1024K, 9 young (9216K), 2 survivors (2048K)
 Metaspace       used 1712K, capacity 5091K, committed 5376K, reserved 1056768K
  class space    used 150K, capacity 464K, committed 512K, reserved 1048576K
}
Event: 0.744 GC heap after
{Heap after GC invocations=2 (full 0):
 garbage-first heap   total 131072K, used 12929K [0x0000000083e00000, 0x0000000100000000)
  region size 1024K, 2 young (2048K), 2 survivors (2048K)
 Metaspace       used 1712K, capacity 5091K, committed 5376K, reserved 1056768K
  class space    used 150K, capacity 464K, committed 512K, reserved 1048576K
}
Event: 1.947 GC heap before
{Heap before GC invocations=2 (full 0):
 garbage-first heap   total 131072K, used 30337K [0x0000000083e00000, 0x0000000100000000)
  region size 1024K, 19 young (19456K), 2 survivors (2048K)
 Metaspace       used 5496K, capacity 7433K, committed 7680K, reserved 1056768K
  class space    used 565K, capacity 760K, committed 768K, reserved 1048576K
}
Event: 1.952 GC heap after
{Heap after GC invocations=3 (full 0):
 garbage-first heap   total 131072K, used 14277K [0x0000000083e00000, 0x0000000100000000)
  region size 1024K, 2 young (2048K), 2 survivors (2048K)
 Metaspace       used 5496K, capacity 7433K, committed 7680K, reserved 1056768K
  class space    used 565K, capacity 760K, committed 768K, reserved 1048576K
}
Event: 3.275 GC heap before
{Heap before GC invocations=3 (full 0):
 garbage-first heap   total 131072K, used 40901K [0x0000000083e00000, 0x0000000100000000)
  region size 1024K, 28 young (28672K), 2 survivors (2048K)
 Metaspace       used 9462K, capacity 10338K, committed 10624K, reserved 1058816K
  class space    used 989K, capacity 1096K, committed 1152K, reserved 1048576K
}
Event: 3.281 GC heap after
{Heap after GC invocations=4 (full 0):
 garbage-first heap   total 131072K, used 15500K [0x0000000083e00000, 0x0000000100000000)
  region size 1024K, 3 young (3072K), 3 survivors (3072K)
 Metaspace       used 9462K, capacity 10338K, committed 10624K, reserved 1058816K
  class space    used 989K, capacity 1096K, committed 1152K, reserved 1048576K
}
Event: 4.133 GC heap before
{Heap before GC invocations=4 (full 0):
 garbage-first heap   total 131072K, used 66700K [0x0000000083e00000, 0x0000000100000000)
  region size 1024K, 53 young (54272K), 3 survivors (3072K)
 Metaspace       used 13280K, capacity 14210K, committed 14592K, reserved 1062912K
  class space    used 1389K, capacity 1512K, committed 1536K, reserved 1048576K
}
Event: 4.137 GC heap after
{Heap after GC invocations=5 (full 0):
 garbage-first heap   total 131072K, used 15968K [0x0000000083e00000, 0x0000000100000000)
  region size 1024K, 3 young (3072K), 3 survivors (3072K)
 Metaspace       used 13280K, capacity 14210K, committed 14592K, reserved 1062912K
  class space    used 1389K, capacity 1512K, committed 1536K, reserved 1048576K
}

