# JRE version: OpenJDK Runtime Environment (11.0.25+9) (build 11.0.25+9-post-Ubuntu-1ubuntu122.04)
# Java VM: OpenJDK 64-Bit Server VM (11.0.25+9-post-Ubuntu-1ubuntu122.04, mixed mode, sharing, tiered, compressed oops, g1 gc, linux-amd64)
Heap:
 garbage-first heap   total 131072K, used 70523K [0x0000000083e00000, 0x0000000100000000)
  region size 1024K, 57 young (58368K), 3 survivors (3072K)
 Metaspace       used 19375K, capacity 19689K, committed 20096K, reserved 1067008K
  class space    used 2024K, capacity 2146K, committed 2176K, reserved 1048576K
GC Heap History (10 events):
Event: 0.632 GC heap before
{Heap before GC invocations=0 (full 0):
 garbage-first heap   total 131072K, used 14032K [0x0000000083e00000, 0x0000000100000000)
  region size 1024K, 14 young (14336K), 0 survivors (0K)
 Metaspace       used 1294K, capacity 4803K, committed 5120K, reserved 1056768K
  class space    used 102K, capacity 432K, committed 512K, reserved 1048576K
}
Event: 0.664 GC heap after
{Heap after GC invocations=1 (full 0):
 garbage-first heap   total 131072K, used 9707K [0x0000000083e00000, 0x0000000100000000)
  region size 1024K, 2 young (2048K), 2 survivors (2048K)
 Metaspace       used 1294K, capacity 4803K, committed 5120K, reserved 1056768K
  class space    used 102K, capacity 432K, committed 512K, reserved 1048576K
}
Event: 1.095 GC heap before
{Heap before GC invocations=1 (full 0):
 garbage-first heap   total 131072K, used 17899K [0x0000000083e00000, 0x0000000100000000)
  region size 1024K, 10 young (10240K), 2 survivors (2048K)
 Metaspace       used 1998K, capacity 5144K, committed 5376K, reserved 1056768K
  class space    used 183K, capacity 484K, committed 512K, reserved 1048576K
}
Event: 1.109 GC heap after
{Heap after GC invocations=2 (full 0):
 garbage-first heap   total 131072K, used 13351K [0x0000000083e00000, 0x0000000100000000)
  region size 1024K, 2 young (2048K), 2 survivors (2048K)
 Metaspace       used 1998K, capacity 5144K, committed 5376K, reserved 1056768K
  class space    used 183K, capacity 484K, committed 512K, reserved 1048576K
}
Event: 2.414 GC heap before
{Heap before GC invocations=2 (full 0):
 garbage-first heap   total 131072K, used 31783K [0x0000000083e00000, 0x0000000100000000)
  region size 1024K, 20 young (20480K), 2 survivors (2048K)
 Metaspace       used 6016K, capacity 7598K, committed 7808K, reserved 1056768K
  class space    used 610K, capacity 774K, committed 896K, reserved 1048576K
}
Event: 2.433 GC heap after
{Heap after GC invocations=3 (full 0):
 garbage-first heap   total 131072K, used 14891K [0x0000000083e00000, 0x0000000100000000)
  region size 1024K, 2 young (2048K), 2 survivors (2048K)
 Metaspace       used 6016K, capacity 7598K, committed 7808K, reserved 1056768K
  class space    used 610K, capacity 774K, committed 896K, reserved 1048576K
}
Event: 3.451 GC heap before
{Heap before GC invocations=3 (full 0):
 garbage-first heap   total 131072K, used 42539K [0x0000000083e00000, 0x0000000100000000)
  region size 1024K, 29 young (29696K), 2 survivors (2048K)
 Metaspace       used 9696K, capacity 10562K, committed 10880K, reserved 1058816K
  class space    used 1009K, capacity 1128K, committed 1152K, reserved 1048576K
}
Event: 3.457 GC heap after
{Heap after GC invocations=4 (full 0):
 garbage-first heap   total 131072K, used 15979K [0x0000000083e00000, 0x0000000100000000)
  region size 1024K, 3 young (3072K), 3 survivors (3072K)
 Metaspace       used 9696K, capacity 10562K, committed 10880K, reserved 1058816K
  class space    used 1009K, capacity 1128K, committed 1152K, reserved 1048576K
}
Event: 3.959 GC heap before
{Heap before GC invocations=4 (full 0):
 garbage-first heap   total 131072K, used 65131K [0x0000000083e00000, 0x0000000100000000)
  region size 1024K, 51 young (52224K), 3 survivors (3072K)
 Metaspace       used 13342K, capacity 14210K, committed 14592K, reserved 1062912K
  class space    used 1396K, capacity 1512K, committed 1536K, reserved 1048576K
}
Event: 3.968 GC heap after
{Heap after GC invocations=5 (full 0):
 garbage-first heap   total 131072K, used 16251K [0x0000000083e00000, 0x0000000100000000)
  region size 1024K, 3 young (3072K), 3 survivors (3072K)
 Metaspace       used 13342K, capacity 14210K, committed 14592K, reserved 1062912K
  class space    used 1396K, capacity 1512K, committed 1536K, reserved 1048576K
}

