# JRE version: OpenJDK Runtime Environment (11.0.25+9) (build 11.0.25+9-post-Ubuntu-1ubuntu122.04)
# Java VM: OpenJDK 64-Bit Server VM (11.0.25+9-post-Ubuntu-1ubuntu122.04, mixed mode, sharing, tiered, compressed oops, g1 gc, linux-amd64)
Heap:
 garbage-first heap   total 131072K, used 53872K [0x0000000083e00000, 0x0000000100000000)
  region size 1024K, 41 young (41984K), 3 survivors (3072K)
 Metaspace       used 19419K, capacity 19697K, committed 20096K, reserved 1067008K
  class space    used 2024K, capacity 2146K, committed 2176K, reserved 1048576K
GC Heap History (10 events):
Event: 0.509 GC heap before
{Heap before GC invocations=0 (full 0):
 garbage-first heap   total 131072K, used 14032K [0x0000000083e00000, 0x0000000100000000)
  region size 1024K, 14 young (14336K), 0 survivors (0K)
 Metaspace       used 1319K, capacity 4803K, committed 5120K, reserved 1056768K
  class space    used 102K, capacity 432K, committed 512K, reserved 1048576K
}
Event: 0.546 GC heap after
{Heap after GC invocations=1 (full 0):
 garbage-first heap   total 131072K, used 9036K [0x0000000083e00000, 0x0000000100000000)
  region size 1024K, 2 young (2048K), 2 survivors (2048K)
 Metaspace       used 1319K, capacity 4803K, committed 5120K, reserved 1056768K
  class space    used 102K, capacity 432K, committed 512K, reserved 1048576K
}
Event: 0.728 GC heap before
{Heap before GC invocations=1 (full 0):
 garbage-first heap   total 131072K, used 15180K [0x0000000083e00000, 0x0000000100000000)
  region size 1024K, 8 young (8192K), 2 survivors (2048K)
 Metaspace       used 1530K, capacity 4963K, committed 5120K, reserved 1056768K
  class space    used 128K, capacity 464K, committed 512K, reserved 1048576K
}
Event: 0.735 GC heap after
{Heap after GC invocations=2 (full 0):
 garbage-first heap   total 131072K, used 12857K [0x0000000083e00000, 0x0000000100000000)
  region size 1024K, 1 young (1024K), 1 survivors (1024K)
 Metaspace       used 1530K, capacity 4963K, committed 5120K, reserved 1056768K
  class space    used 128K, capacity 464K, committed 512K, reserved 1048576K
}
Event: 1.726 GC heap before
{Heap before GC invocations=2 (full 0):
 garbage-first heap   total 131072K, used 28217K [0x0000000083e00000, 0x0000000100000000)
  region size 1024K, 17 young (17408K), 1 survivors (1024K)
 Metaspace       used 4859K, capacity 7134K, committed 7424K, reserved 1056768K
  class space    used 485K, capacity 701K, committed 768K, reserved 1048576K
}
Event: 1.730 GC heap after
{Heap after GC invocations=3 (full 0):
 garbage-first heap   total 131072K, used 13992K [0x0000000083e00000, 0x0000000100000000)
  region size 1024K, 3 young (3072K), 3 survivors (3072K)
 Metaspace       used 4859K, capacity 7134K, committed 7424K, reserved 1056768K
  class space    used 485K, capacity 701K, committed 768K, reserved 1048576K
}
Event: 2.794 GC heap before
{Heap before GC invocations=3 (full 0):
 garbage-first heap   total 131072K, used 40616K [0x0000000083e00000, 0x0000000100000000)
  region size 1024K, 29 young (29696K), 3 survivors (3072K)
 Metaspace       used 9323K, capacity 10210K, committed 10368K, reserved 1058816K
  class space    used 973K, capacity 1096K, committed 1152K, reserved 1048576K
}
Event: 2.802 GC heap after
{Heap after GC invocations=4 (full 0):
 garbage-first heap   total 131072K, used 15540K [0x0000000083e00000, 0x0000000100000000)
  region size 1024K, 3 young (3072K), 3 survivors (3072K)
 Metaspace       used 9323K, capacity 10210K, committed 10368K, reserved 1058816K
  class space    used 973K, capacity 1096K, committed 1152K, reserved 1048576K
}
Event: 3.826 GC heap before
{Heap before GC invocations=4 (full 0):
 garbage-first heap   total 131072K, used 85172K [0x0000000083e00000, 0x0000000100000000)
  region size 1024K, 71 young (72704K), 3 survivors (3072K)
 Metaspace       used 14906K, capacity 15684K, committed 16128K, reserved 1062912K
  class space    used 1605K, capacity 1706K, committed 1792K, reserved 1048576K
}
Event: 3.837 GC heap after
{Heap after GC invocations=5 (full 0):
 garbage-first heap   total 131072K, used 15984K [0x0000000083e00000, 0x0000000100000000)
  region size 1024K, 3 young (3072K), 3 survivors (3072K)
 Metaspace       used 14906K, capacity 15684K, committed 16128K, reserved 1062912K
  class space    used 1605K, capacity 1706K, committed 1792K, reserved 1048576K
}

