# JRE version: OpenJDK Runtime Environment (11.0.25+9) (build 11.0.25+9-post-Ubuntu-1ubuntu122.04)
# Java VM: OpenJDK 64-Bit Server VM (11.0.25+9-post-Ubuntu-1ubuntu122.04, mixed mode, sharing, tiered, compressed oops, g1 gc, linux-amd64)
Heap:
 garbage-first heap   total 172032K, used 31650K [0x0000000083e00000, 0x0000000100000000)
  region size 1024K, 19 young (19456K), 4 survivors (4096K)
 Metaspace       used 19320K, capacity 19633K, committed 20096K, reserved 1067008K
  class space    used 2026K, capacity 2146K, committed 2176K, reserved 1048576K
GC Heap History (12 events):
Event: 0.581 GC heap before
{Heap before GC invocations=0 (full 0):
 garbage-first heap   total 131072K, used 14032K [0x0000000083e00000, 0x0000000100000000)
  region size 1024K, 14 young (14336K), 0 survivors (0K)
 Metaspace       used 1214K, capacity 4803K, committed 5120K, reserved 1056768K
  class space    used 102K, capacity 432K, committed 512K, reserved 1048576K
}
Event: 0.592 GC heap after
{Heap after GC invocations=1 (full 0):
 garbage-first heap   total 131072K, used 9726K [0x0000000083e00000, 0x0000000100000000)
  region size 1024K, 2 young (2048K), 2 survivors (2048K)
 Metaspace       used 1214K, capacity 4803K, committed 5120K, reserved 1056768K
  class space    used 102K, capacity 432K, committed 512K, reserved 1048576K
}
Event: 0.770 GC heap before
{Heap before GC invocations=1 (full 0):
 garbage-first heap   total 131072K, used 15870K [0x0000000083e00000, 0x0000000100000000)
  region size 1024K, 8 young (8192K), 2 survivors (2048K)
 Metaspace       used 1463K, capacity 4963K, committed 5120K, reserved 1056768K
  class space    used 128K, capacity 464K, committed 512K, reserved 1048576K
}
Event: 0.786 GC heap after
{Heap after GC invocations=2 (full 0):
 garbage-first heap   total 131072K, used 13677K [0x0000000083e00000, 0x0000000100000000)
  region size 1024K, 1 young (1024K), 1 survivors (1024K)
 Metaspace       used 1463K, capacity 4963K, committed 5120K, reserved 1056768K
  class space    used 128K, capacity 464K, committed 512K, reserved 1048576K
}
Event: 1.762 GC heap before
{Heap before GC invocations=2 (full 0):
 garbage-first heap   total 131072K, used 28013K [0x0000000083e00000, 0x0000000100000000)
  region size 1024K, 16 young (16384K), 1 survivors (1024K)
 Metaspace       used 4610K, capacity 7006K, committed 7168K, reserved 1056768K
  class space    used 467K, capacity 701K, committed 768K, reserved 1048576K
}
Event: 1.770 GC heap after
{Heap after GC invocations=3 (full 0):
 garbage-first heap   total 131072K, used 14760K [0x0000000083e00000, 0x0000000100000000)
  region size 1024K, 2 young (2048K), 2 survivors (2048K)
 Metaspace       used 4610K, capacity 7006K, committed 7168K, reserved 1056768K
  class space    used 467K, capacity 701K, committed 768K, reserved 1048576K
}
Event: 3.171 GC heap before
{Heap before GC invocations=3 (full 0):
 garbage-first heap   total 131072K, used 39336K [0x0000000083e00000, 0x0000000100000000)
  region size 1024K, 26 young (26624K), 2 survivors (2048K)
 Metaspace       used 8657K, capacity 9922K, committed 10368K, reserved 1058816K
  class space    used 904K, capacity 1064K, committed 1152K, reserved 1048576K
}
Event: 3.177 GC heap after
{Heap after GC invocations=4 (full 0):
 garbage-first heap   total 131072K, used 16225K [0x0000000083e00000, 0x0000000100000000)
  region size 1024K, 4 young (4096K), 4 survivors (4096K)
 Metaspace       used 8657K, capacity 9922K, committed 10368K, reserved 1058816K
  class space    used 904K, capacity 1064K, committed 1152K, reserved 1048576K
}
Event: 3.797 GC heap before
{Heap before GC invocations=4 (full 0):
 garbage-first heap   total 131072K, used 57185K [0x0000000083e00000, 0x0000000100000000)
  region size 1024K, 44 young (45056K), 4 survivors (4096K)
 Metaspace       used 12042K, capacity 12994K, committed 13440K, reserved 1060864K
  class space    used 1255K, capacity 1384K, committed 1408K, reserved 1048576K
}
Event: 3.806 GC heap after
{Heap after GC invocations=5 (full 0):
 garbage-first heap   total 131072K, used 16525K [0x0000000083e00000, 0x0000000100000000)
  region size 1024K, 3 young (3072K), 3 survivors (3072K)
 Metaspace       used 12042K, capacity 12994K, committed 13440K, reserved 1060864K
  class space    used 1255K, capacity 1384K, committed 1408K, reserved 1048576K
}
Event: 4.791 GC heap before
{Heap before GC invocations=5 (full 0):
 garbage-first heap   total 131072K, used 71821K [0x0000000083e00000, 0x0000000100000000)
  region size 1024K, 57 young (58368K), 3 survivors (3072K)
 Metaspace       used 18051K, capacity 18354K, committed 18944K, reserved 1067008K
  class space    used 1944K, capacity 2047K, committed 2048K, reserved 1048576K
}
Event: 4.797 GC heap after
{Heap after GC invocations=6 (full 0):
 garbage-first heap   total 172032K, used 17314K [0x0000000083e00000, 0x0000000100000000)
  region size 1024K, 4 young (4096K), 4 survivors (4096K)
 Metaspace       used 18051K, capacity 18354K, committed 18944K, reserved 1067008K
  class space    used 1944K, capacity 2047K, committed 2048K, reserved 1048576K
}

