# JRE version: OpenJDK Runtime Environment (11.0.25+9) (build 11.0.25+9-post-Ubuntu-1ubuntu122.04)
# Java VM: OpenJDK 64-Bit Server VM (11.0.25+9-post-Ubuntu-1ubuntu122.04, mixed mode, sharing, tiered, compressed oops, g1 gc, linux-amd64)
Heap:
 garbage-first heap   total 131072K, used 70012K [0x0000000083e00000, 0x0000000100000000)
  region size 1024K, 56 young (57344K), 3 survivors (3072K)
 Metaspace       used 19424K, capacity 19761K, committed 20096K, reserved 1067008K
  class space    used 2024K, capacity 2146K, committed 2176K, reserved 1048576K
GC Heap History (10 events):
Event: 0.610 GC heap before
{Heap before GC invocations=0 (full 0):
 garbage-first heap   total 131072K, used 14032K [0x0000000083e00000, 0x0000000100000000)
  region size 1024K, 14 young (14336K), 0 survivors (0K)
 Metaspace       used 1247K, capacity 4803K, committed 5120K, reserved 1056768K
  class space    used 102K, capacity 432K, committed 512K, reserved 1048576K
}
Event: 0.645 GC heap after
{Heap after GC invocations=1 (full 0):
 garbage-first heap   total 131072K, used 9836K [0x0000000083e00000, 0x0000000100000000)
  region size 1024K, 2 young (2048K), 2 survivors (2048K)
 Metaspace       used 1247K, capacity 4803K, committed 5120K, reserved 1056768K
  class space    used 102K, capacity 432K, committed 512K, reserved 1048576K
}
Event: 1.048 GC heap before
{Heap before GC invocations=1 (full 0):
 garbage-first heap   total 131072K, used 18028K [0x0000000083e00000, 0x0000000100000000)
  region size 1024K, 10 young (10240K), 2 survivors (2048K)
 Metaspace       used 2025K, capacity 5144K, committed 5376K, reserved 1056768K
  class space    used 183K, capacity 484K, committed 512K, reserved 1048576K
}
Event: 1.060 GC heap after
{Heap after GC invocations=2 (full 0):
 garbage-first heap   total 131072K, used 13462K [0x0000000083e00000, 0x0000000100000000)
  region size 1024K, 2 young (2048K), 2 survivors (2048K)
 Metaspace       used 2025K, capacity 5144K, committed 5376K, reserved 1056768K
  class space    used 183K, capacity 484K, committed 512K, reserved 1048576K
}
Event: 2.283 GC heap before
{Heap before GC invocations=2 (full 0):
 garbage-first heap   total 131072K, used 31894K [0x0000000083e00000, 0x0000000100000000)
  region size 1024K, 20 young (20480K), 2 survivors (2048K)
 Metaspace       used 6050K, capacity 7662K, committed 7808K, reserved 1056768K
  class space    used 616K, capacity 774K, committed 896K, reserved 1048576K
}
Event: 2.290 GC heap after
{Heap after GC invocations=3 (full 0):
 garbage-first heap   total 131072K, used 15263K [0x0000000083e00000, 0x0000000100000000)
  region size 1024K, 2 young (2048K), 2 survivors (2048K)
 Metaspace       used 6050K, capacity 7662K, committed 7808K, reserved 1056768K
  class space    used 616K, capacity 774K, committed 896K, reserved 1048576K
}
Event: 3.292 GC heap before
{Heap before GC invocations=3 (full 0):
 garbage-first heap   total 131072K, used 42911K [0x0000000083e00000, 0x0000000100000000)
  region size 1024K, 29 young (29696K), 2 survivors (2048K)
 Metaspace       used 9741K, capacity 10626K, committed 10880K, reserved 1058816K
  class space    used 1013K, capacity 1128K, committed 1152K, reserved 1048576K
}
Event: 3.297 GC heap after
{Heap after GC invocations=4 (full 0):
 garbage-first heap   total 131072K, used 16417K [0x0000000083e00000, 0x0000000100000000)
  region size 1024K, 3 young (3072K), 3 survivors (3072K)
 Metaspace       used 9741K, capacity 10626K, committed 10880K, reserved 1058816K
  class space    used 1013K, capacity 1128K, committed 1152K, reserved 1048576K
}
Event: 3.790 GC heap before
{Heap before GC invocations=4 (full 0):
 garbage-first heap   total 131072K, used 66593K [0x0000000083e00000, 0x0000000100000000)
  region size 1024K, 52 young (53248K), 3 survivors (3072K)
 Metaspace       used 13429K, capacity 14274K, committed 14592K, reserved 1062912K
  class space    used 1412K, capacity 1512K, committed 1536K, reserved 1048576K
}
Event: 3.794 GC heap after
{Heap after GC invocations=5 (full 0):
 garbage-first heap   total 131072K, used 16764K [0x0000000083e00000, 0x0000000100000000)
  region size 1024K, 3 young (3072K), 3 survivors (3072K)
 Metaspace       used 13429K, capacity 14274K, committed 14592K, reserved 1062912K
  class space    used 1412K, capacity 1512K, committed 1536K, reserved 1048576K
}

